CMake Warning (dev) at CMakeLists.txt:2 (project):
  Policy CMP0048 is not set: project() command manages VERSION variables.
  Run "cmake --help-policy CMP0048" for policy details.  Use the cmake_policy
  command to set the policy and suppress this warning.

  The following variable(s) would be set to empty:

    CMAKE_PROJECT_VERSION
    CMAKE_PROJECT_VERSION_MAJOR
    CMAKE_PROJECT_VERSION_MINOR
    CMAKE_PROJECT_VERSION_PATCH
This warning is for project developers.  Use -Wno-dev to suppress it.

[31m[1mCMake Error[0m at /home/mark/hrwros_ws/src/hrwros_gazebo/CMakeLists.txt:2 (project):
  The CMAKE_C_COMPILER:

    /usr/lib/ccache/cc

  is not a full path to an existing compiler tool.

  Tell CMake where to find the compiler by setting either the environment
  variable "CC" or the CMake cache entry CMAKE_C_COMPILER to the full path to
  the compiler, or to the compiler name if it is in the PATH.


[31m[1mCMake Error[0m at /home/mark/hrwros_ws/src/hrwros_gazebo/CMakeLists.txt:2 (project):
  The CMAKE_CXX_COMPILER:

    /usr/lib/ccache/c++

  is not a full path to an existing compiler tool.

  Tell CMake where to find the compiler by setting either the environment
  variable "CXX" or the CMake cache entry CMAKE_CXX_COMPILER to the full path
  to the compiler, or to the compiler name if it is in the PATH.


make: *** [Makefile:2376: cmake_check_build_system] Error 1
